Build started 15/2/2016 3:57:39 PM.
     1>Project "C:\Users\Wolf\Documents\GitHub\CompGraphics-CSS451\PA4\GL Shapes 3D\GL Shapes 3D\GL Shapes 3D.vcxproj" on node 2 (Build target(s)).
     1>ClCompile:
         C:\Program Files (x86)\Microsoft Visual Studio 12.0\VC\bin\CL.exe /c /I..\sfml\include /I..\sfgui\include /Zi /nologo /W3 /WX- /sdl /O2 /Oi /Oy- /GL /D WIN32 /D NDEBUG /D _CONSOLE /D _LIB /D _UNICODE /D UNICODE /Gm- /EHsc /MD /GS /Gy /fp:precise /Zc:wchar_t /Zc:forScope /Yc"stdafx.h" /Fp"Release\GL Shapes 3D.pch" /Fo"Release\\" /Fd"Release\vc120.pdb" /Gd /TP /analyze- /errorReport:prompt stdafx.cpp
         stdafx.cpp
         C:\Program Files (x86)\Microsoft Visual Studio 12.0\VC\bin\CL.exe /c /I..\sfml\include /I..\sfgui\include /Zi /nologo /W3 /WX- /sdl /O2 /Oi /Oy- /GL /D WIN32 /D NDEBUG /D _CONSOLE /D _LIB /D _UNICODE /D UNICODE /Gm- /EHsc /MD /GS /Gy /fp:precise /Zc:wchar_t /Zc:forScope /Fo"Release\\" /Fd"Release\vc120.pdb" /Gd /TP /analyze- /errorReport:prompt "GL Shapes 3D.cpp" GLShapes3D.cpp shapes\Cube.cpp shapes\Diamond.cpp shapes\Shape.cpp shapes\Sphere.cpp
         GL Shapes 3D.cpp
         GLShapes3D.cpp
     1>GLShapes3D.cpp(168): warning C4305: '=' : truncation from 'double' to 'float'
         Cube.cpp
         Diamond.cpp
         Shape.cpp
         Sphere.cpp
     1>shapes\Sphere.cpp(20): warning C4305: 'argument' : truncation from 'double' to 'float'
       Link:
         C:\Program Files (x86)\Microsoft Visual Studio 12.0\VC\bin\link.exe /ERRORREPORT:PROMPT /OUT:"C:\Users\Wolf\Documents\GitHub\CompGraphics-CSS451\PA4\GL Shapes 3D\Release\GL Shapes 3D.exe" /INCREMENTAL:NO /NOLOGO /LIBPATH:../sfml/lib /LIBPATH:../sfgui/lib "sfml-graphics.lib" "sfml-window.lib" "sfml-system.lib" sfgui.lib OpenGL32.lib GLU32.lib kernel32.lib user32.lib gdi32.lib winspool.lib comdlg32.lib advapi32.lib shell32.lib ole32.lib oleaut32.lib uuid.lib odbc32.lib odbccp32.lib /MANIFEST /MANIFESTUAC:"level='asInvoker' uiAccess='false'" /manifest:embed /DEBUG /PDB:"C:\Users\Wolf\Documents\GitHub\CompGraphics-CSS451\PA4\GL Shapes 3D\Release\GL Shapes 3D.pdb" /SUBSYSTEM:CONSOLE /OPT:REF /OPT:ICF /LTCG /TLBID:1 /DYNAMICBASE /NXCOMPAT /IMPLIB:"C:\Users\Wolf\Documents\GitHub\CompGraphics-CSS451\PA4\GL Shapes 3D\Release\GL Shapes 3D.lib" /MACHINE:X86 /SAFESEH "Release\GL Shapes 3D.obj"
         Release\GLShapes3D.obj
         Release\Cube.obj
         Release\Diamond.obj
         Release\Shape.obj
         Release\Sphere.obj
         Release\stdafx.obj
         Generating code
         Finished generating code
         GL Shapes 3D.vcxproj -> C:\Users\Wolf\Documents\GitHub\CompGraphics-CSS451\PA4\GL Shapes 3D\Release\GL Shapes 3D.exe
     1>Done Building Project "C:\Users\Wolf\Documents\GitHub\CompGraphics-CSS451\PA4\GL Shapes 3D\GL Shapes 3D\GL Shapes 3D.vcxproj" (Build target(s)).

Build succeeded.

Time Elapsed 00:00:05.60
