Build started 15/2/2016 3:48:11 PM.
     1>Project "C:\Users\Wolf\Documents\GitHub\CompGraphics-CSS451\PA4\GL Shapes 3D\GL Shapes 3D\GL Shapes 3D.vcxproj" on node 2 (Build target(s)).
     1>ClCompile:
         C:\Program Files (x86)\Microsoft Visual Studio 12.0\VC\bin\CL.exe /c /I..\sfml\include /I..\sfgui\include /ZI /nologo /W3 /WX- /sdl /Od /Oy- /D WIN32 /D _DEBUG /D _CONSOLE /D _LIB /D _UNICODE /D UNICODE /Gm /EHsc /RTC1 /MDd /GS /fp:precise /Zc:wchar_t /Zc:forScope /Fo"Debug\\" /Fd"Debug\vc120.pdb" /Gd /TP /analyze- /errorReport:prompt "GL Shapes 3D.cpp" GLShapes3D.cpp shapes\Diamond.cpp shapes\Sphere.cpp
         Sphere.cpp
     1>c:\users\wolf\documents\github\compgraphics-css451\pa4\gl shapes 3d\gl shapes 3d\shapes\sphere.cpp(21): warning C4305: 'argument' : truncation from 'double' to 'float'
         Diamond.cpp
         GLShapes3D.cpp
     1>c:\users\wolf\documents\github\compgraphics-css451\pa4\gl shapes 3d\gl shapes 3d\glshapes3d.cpp(162): warning C4305: '=' : truncation from 'double' to 'float'
         Generating Code...
         Compiling...
         GL Shapes 3D.cpp
         Generating Code...
       Link:
         C:\Program Files (x86)\Microsoft Visual Studio 12.0\VC\bin\link.exe /ERRORREPORT:PROMPT /OUT:"C:\Users\Wolf\Documents\GitHub\CompGraphics-CSS451\PA4\GL Shapes 3D\Debug\GL Shapes 3D.exe" /INCREMENTAL /NOLOGO /LIBPATH:../sfml/lib /LIBPATH:../sfgui/lib "sfml-graphics.lib" "sfml-window.lib" "sfml-system.lib" sfgui.lib OpenGL32.lib GLU32.lib kernel32.lib user32.lib gdi32.lib winspool.lib comdlg32.lib advapi32.lib shell32.lib ole32.lib oleaut32.lib uuid.lib odbc32.lib odbccp32.lib /MANIFEST /MANIFESTUAC:"level='asInvoker' uiAccess='false'" /manifest:embed /DEBUG /PDB:"C:\Users\Wolf\Documents\GitHub\CompGraphics-CSS451\PA4\GL Shapes 3D\Debug\GL Shapes 3D.pdb" /SUBSYSTEM:CONSOLE /TLBID:1 /DYNAMICBASE /NXCOMPAT /IMPLIB:"C:\Users\Wolf\Documents\GitHub\CompGraphics-CSS451\PA4\GL Shapes 3D\Debug\GL Shapes 3D.lib" /MACHINE:X86 "Debug\GL Shapes 3D.obj"
         Debug\GLShapes3D.obj
         Debug\Cube.obj
         Debug\Diamond.obj
         Debug\Shape.obj
         Debug\Sphere.obj
         Debug\stdafx.obj
         GL Shapes 3D.vcxproj -> C:\Users\Wolf\Documents\GitHub\CompGraphics-CSS451\PA4\GL Shapes 3D\Debug\GL Shapes 3D.exe
     1>Done Building Project "C:\Users\Wolf\Documents\GitHub\CompGraphics-CSS451\PA4\GL Shapes 3D\GL Shapes 3D\GL Shapes 3D.vcxproj" (Build target(s)).

Build succeeded.

Time Elapsed 00:00:04.24
